16:16:47 **** Incremental Build of configuration Debug for project uniq_id ****
make all 
Building file: ../src/uniq_id.cpp
Invoking: GCC C++ Compiler
g++ -O0 -g3 -Wall -c -fmessage-length=0 -MMD -MP -MF"src/uniq_id.d" -MT"src/uniq_id.o" -o "src/uniq_id.o" "../src/uniq_id.cpp"
../src/uniq_id.cpp: In function ‘int main()’:
../src/uniq_id.cpp:13:12: warning: unused variable ‘var_22’ [-Wunused-variable]
     TOKEN1(var_, __LINE__)\
            ^
../src/uniq_id.cpp:7:5: note: in definition of macro ‘TOKEN2’
     x ## y
     ^
../src/uniq_id.cpp:13:5: note: in expansion of macro ‘TOKEN1’
     TOKEN1(var_, __LINE__)\
     ^~~~~~
../src/uniq_id.cpp:22:7: note: in expansion of macro ‘UNIQ_ID’
   int UNIQ_ID = 0;
       ^~~~~~~
Finished building: ../src/uniq_id.cpp
 
Building target: uniq_id
Invoking: GCC C++ Linker
g++  -o "uniq_id"  ./src/uniq_id.o   
Finished building target: uniq_id
 

16:16:48 Build Finished. 0 errors, 1 warnings. (took 921ms)

